2024-10-29 01:09:55,155 [INFO] Activator:176 - 


2024-10-29 01:09:55,159 [INFO] Activator:177 - !SESSION log4j initialized
2024-10-29 01:09:58,422 [INFO] LogOutputStream:77 - [STDOUT_REDIRECT] 
2024-10-29 01:10:11,790 [INFO] ApplicationProperties:184 - Using Application install path: C:\ST\STM32CubeIDE_1.16.1\STM32CubeIDE\plugins\com.st.stm32cube.common.mx_6.12.1.202409122256
2024-10-29 01:10:11,851 [INFO] DbMcusXml:78 - Set database path to: C:\ST\STM32CubeIDE_1.16.1\STM32CubeIDE\plugins\com.st.stm32cube.common.mx_6.12.1.202409122256\\db\/mcu/
2024-10-29 01:10:11,852 [INFO] ApiDb:274 - Set plugin database path to: C:\ST\STM32CubeIDE_1.16.1\STM32CubeIDE\plugins\com.st.stm32cube.common.mx_6.12.1.202409122256\\db\/plugins/boardmanager/
2024-10-29 01:10:11,855 [WARN] ApiDb:259 - Overriding images path with different value:  => C:\ST\STM32CubeIDE_1.16.1\STM32CubeIDE\plugins\com.st.stm32cube.common.mx_6.12.1.202409122256\\db\/plugins/mcufinder/images/
2024-10-29 01:10:11,879 [INFO] ApiDb:250 - Set database path to: C:\Users\penta\.stmcufinder\plugins\mcufinder//mcu/
2024-10-29 01:10:11,880 [INFO] DbMcusAds:125 - Set database path to: C:\Users\penta\.stmcufinder\plugins\mcufinder//mcu/
2024-10-29 01:10:11,888 [INFO] CrossReferenceDbSqlite:203 - Set database path to: C:\Users\penta\.stmcufinder\plugins\mcufinder//mcu/cs/
2024-10-29 01:10:12,058 [INFO] RulesReader:64 - Compatibility file has been processed (297 Rules)
2024-10-29 01:10:12,180 [INFO] DbMcusXml:78 - Set database path to: C:\ST\STM32CubeIDE_1.16.1\STM32CubeIDE\plugins\com.st.stm32cube.common.mx_6.12.1.202409122256\\db\/mcu/
2024-10-29 01:10:12,180 [INFO] ApiDb:274 - Set plugin database path to: C:\ST\STM32CubeIDE_1.16.1\STM32CubeIDE\plugins\com.st.stm32cube.common.mx_6.12.1.202409122256\\db\/plugins/boardmanager/
2024-10-29 01:10:12,180 [INFO] ApiDb:261 - Set plugin images path to: C:\ST\STM32CubeIDE_1.16.1\STM32CubeIDE\plugins\com.st.stm32cube.common.mx_6.12.1.202409122256\\db\/plugins/mcufinder/images/
2024-10-29 01:10:12,180 [WARN] DbFile:41 - Overriding database path with different value: C:\Users\penta\.stmcufinder\plugins\mcufinder/ => C:\Users\penta\.stmcufinder\plugins\mcufinder
2024-10-29 01:10:12,180 [INFO] ApiDb:250 - Set database path to: C:\Users\penta\.stmcufinder\plugins\mcufinder//mcu/
2024-10-29 01:10:12,180 [WARN] DbFile:41 - Overriding database path with different value: C:\Users\penta\.stmcufinder\plugins\mcufinder/ => C:\Users\penta\.stmcufinder\plugins\mcufinder
2024-10-29 01:10:12,180 [INFO] DbMcusAds:125 - Set database path to: C:\Users\penta\.stmcufinder\plugins\mcufinder//mcu/
2024-10-29 01:10:12,180 [WARN] DbFile:41 - Overriding database path with different value: C:\Users\penta\.stmcufinder\plugins\mcufinder/ => C:\Users\penta\.stmcufinder\plugins\mcufinder
2024-10-29 01:10:12,180 [WARN] DbFile:41 - Overriding database path with different value: C:\Users\penta\.stmcufinder\plugins\mcufinder/ => C:\Users\penta\.stmcufinder\plugins\mcufinder
2024-10-29 01:10:12,180 [INFO] CrossReferenceDbSqlite:203 - Set database path to: C:\Users\penta\.stmcufinder\plugins\mcufinder//mcu/cs/
2024-10-29 01:10:12,294 [INFO] MainPanel:268 - HeapMemory: 268435456
2024-10-29 01:10:12,420 [INFO] DbMcusXml:78 - Set database path to: C:\ST\STM32CubeIDE_1.16.1\STM32CubeIDE\plugins\com.st.stm32cube.common.mx_6.12.1.202409122256\\db\/mcu/
2024-10-29 01:10:12,420 [INFO] ApiDb:274 - Set plugin database path to: C:\ST\STM32CubeIDE_1.16.1\STM32CubeIDE\plugins\com.st.stm32cube.common.mx_6.12.1.202409122256\\db\/plugins/boardmanager/
2024-10-29 01:10:12,420 [INFO] ApiDb:261 - Set plugin images path to: C:\ST\STM32CubeIDE_1.16.1\STM32CubeIDE\plugins\com.st.stm32cube.common.mx_6.12.1.202409122256\\db\/plugins/mcufinder/images/
2024-10-29 01:10:12,420 [WARN] DbFile:41 - Overriding database path with different value: C:\Users\penta\.stmcufinder\plugins\mcufinder/ => C:\Users\penta\.stmcufinder\plugins\mcufinder
2024-10-29 01:10:12,420 [INFO] ApiDb:250 - Set database path to: C:\Users\penta\.stmcufinder\plugins\mcufinder//mcu/
2024-10-29 01:10:12,420 [WARN] DbFile:41 - Overriding database path with different value: C:\Users\penta\.stmcufinder\plugins\mcufinder/ => C:\Users\penta\.stmcufinder\plugins\mcufinder
2024-10-29 01:10:12,420 [INFO] DbMcusAds:125 - Set database path to: C:\Users\penta\.stmcufinder\plugins\mcufinder//mcu/
2024-10-29 01:10:12,421 [WARN] DbFile:41 - Overriding database path with different value: C:\Users\penta\.stmcufinder\plugins\mcufinder/ => C:\Users\penta\.stmcufinder\plugins\mcufinder
2024-10-29 01:10:12,421 [WARN] DbFile:41 - Overriding database path with different value: C:\Users\penta\.stmcufinder\plugins\mcufinder/ => C:\Users\penta\.stmcufinder\plugins\mcufinder
2024-10-29 01:10:12,421 [INFO] CrossReferenceDbSqlite:203 - Set database path to: C:\Users\penta\.stmcufinder\plugins\mcufinder//mcu/cs/
2024-10-29 01:10:12,439 [INFO] ApplicationProperties:184 - Using Application install path: C:\ST\STM32CubeIDE_1.16.1\STM32CubeIDE\plugins\com.st.stm32cube.common.mx_6.12.1.202409122256
2024-10-29 01:10:12,442 [INFO] PluginManage:196 - Search for loadable plugins [exclusion list=, ]
2024-10-29 01:10:12,444 [INFO] PluginManage:310 - Check plugin analytics
2024-10-29 01:10:12,657 [INFO] AnalyticsPlugin:253 - Accepted Software Licenses: STM32CubeMX.6.12.1
2024-10-29 01:10:12,657 [INFO] AnalyticsPlugin:255 - Accepted CMSIS Pack Licenses: 
2024-10-29 01:10:12,657 [INFO] AnalyticsPlugin:257 - Accepted Firmware Licenses: 
2024-10-29 01:10:12,664 [INFO] PluginManage:359 - Loaded plugin analytics (category:tool,tabindex:-1)
2024-10-29 01:10:12,665 [INFO] PluginManage:310 - Check plugin cadmodel
2024-10-29 01:10:12,685 [INFO] CADModel:105 - Init CAD model plugin
2024-10-29 01:10:12,685 [INFO] PluginManage:359 - Loaded plugin cadmodel (category:power,tabindex:5)
2024-10-29 01:10:12,686 [INFO] PluginManage:310 - Check plugin clock
2024-10-29 01:10:12,712 [INFO] PluginManage:359 - Loaded plugin clock (category:base,tabindex:2)
2024-10-29 01:10:12,712 [INFO] PluginManage:310 - Check plugin ddr
2024-10-29 01:10:12,718 [INFO] PluginManage:359 - Loaded plugin ddr (category:tool,tabindex:6)
2024-10-29 01:10:12,718 [INFO] PluginManage:310 - Check plugin filemanager
2024-10-29 01:10:12,931 [INFO] PluginManage:359 - Loaded plugin filemanager (category:base,tabindex:10)
2024-10-29 01:10:12,931 [INFO] PluginManage:310 - Check plugin ipmanager
2024-10-29 01:10:12,938 [INFO] PluginManage:359 - Loaded plugin ipmanager (category:base,tabindex:5)
2024-10-29 01:10:12,938 [INFO] PluginManage:310 - Check plugin lpbam
2024-10-29 01:10:12,963 [INFO] PluginManage:359 - Loaded plugin lpbam (category:base,tabindex:0)
2024-10-29 01:10:12,963 [INFO] PluginManage:310 - Check plugin memorymap
2024-10-29 01:10:12,995 [INFO] PluginManage:359 - Loaded plugin memorymap (category:base,tabindex:4)
2024-10-29 01:10:12,995 [INFO] PluginManage:310 - Check plugin pinoutandconfiguration
2024-10-29 01:10:13,017 [INFO] PluginManage:359 - Loaded plugin pinoutandconfiguration (category:base,tabindex:1)
2024-10-29 01:10:13,017 [INFO] PluginManage:310 - Check plugin pinoutconfig
2024-10-29 01:10:13,123 [WARN] SupportedApi:132 - Cannot load RTOS API schema: s4s-elt-must-match.1: The content of 'definitions' must match (annotation?, (simpleType | complexType)?, (unique | key | keyref)*)). A problem was found starting at: attribute.
2024-10-29 01:10:13,290 [INFO] PluginManage:359 - Loaded plugin pinoutconfig (category:base,tabindex:0)
2024-10-29 01:10:13,290 [INFO] PluginManage:310 - Check plugin power
2024-10-29 01:10:13,313 [INFO] PluginManage:359 - Loaded plugin power (category:power,tabindex:4)
2024-10-29 01:10:13,313 [INFO] PluginManage:310 - Check plugin projectmanager
2024-10-29 01:10:13,330 [INFO] PluginManage:359 - Loaded plugin projectmanager (category:projectmanager,tabindex:4)
2024-10-29 01:10:13,330 [INFO] PluginManage:310 - Check plugin rif
2024-10-29 01:10:13,351 [INFO] PluginManage:359 - Loaded plugin rif (category:base,tabindex:3)
2024-10-29 01:10:13,351 [INFO] PluginManage:310 - Check plugin thirdparty
2024-10-29 01:10:13,650 [INFO] PluginManage:359 - Loaded plugin thirdparty (category:base,tabindex:-1)
2024-10-29 01:10:13,650 [INFO] PluginManage:310 - Check plugin tools
2024-10-29 01:10:13,650 [WARN] IntegrityCheckThread:84 - waiting for thirdparty lock release [integrity check]
2024-10-29 01:10:13,650 [INFO] IntegrityCheckThread:86 - entering critical section [integrity check]
2024-10-29 01:10:13,650 [INFO] ThirdPartyUpdaterWithRetryManager:70 - Updater plugin not ready yet. [1/15]
2024-10-29 01:10:13,680 [INFO] PluginManage:359 - Loaded plugin tools (category:base,tabindex:7)
2024-10-29 01:10:13,680 [INFO] PluginManage:310 - Check plugin tutovideos
2024-10-29 01:10:13,908 [INFO] PluginManage:359 - Loaded plugin tutovideos (category:base,tabindex:-1)
2024-10-29 01:10:13,908 [INFO] PluginManage:310 - Check plugin updater
2024-10-29 01:10:13,930 [INFO] PluginManage:359 - Loaded plugin updater (category:base,tabindex:12)
2024-10-29 01:10:13,930 [INFO] PluginManage:310 - Check plugin userauth
2024-10-29 01:10:13,937 [INFO] UserAuth:113 - Init User Auth plugin
2024-10-29 01:10:13,937 [INFO] PluginManage:359 - Loaded plugin userauth (category:base,tabindex:14)
2024-10-29 01:10:13,937 [INFO] PluginManage:283 - PluginManage : Loaded plugins [18]
2024-10-29 01:10:14,199 [INFO] PinOutPanel:1561 - setPackage(No Configuration,No Configuration)
2024-10-29 01:10:14,307 [INFO] CADModel:165 - CPN selected for project level
2024-10-29 01:10:14,307 [INFO] CADModel:114 - Register for checkConnection events
2024-10-29 01:10:14,339 [INFO] IPUIPlugin:80 - create IPUIPlugin
2024-10-29 01:10:14,339 [INFO] PluginManager:220 - loadIPPluginJar : add adc
2024-10-29 01:10:14,377 [INFO] IPUIPlugin:80 - create IPUIPlugin
2024-10-29 01:10:14,378 [INFO] PluginManager:220 - loadIPPluginJar : add aes
2024-10-29 01:10:14,423 [INFO] IPUIPlugin:80 - create IPUIPlugin
2024-10-29 01:10:14,424 [INFO] PluginManager:220 - loadIPPluginJar : add can
2024-10-29 01:10:14,458 [INFO] IPUIPlugin:80 - create IPUIPlugin
2024-10-29 01:10:14,458 [INFO] PluginManager:220 - loadIPPluginJar : add comp
2024-10-29 01:10:14,503 [INFO] IPUIPlugin:80 - create IPUIPlugin
2024-10-29 01:10:14,503 [INFO] PluginManager:220 - loadIPPluginJar : add cryp
2024-10-29 01:10:14,517 [INFO] IPUIPlugin:80 - create IPUIPlugin
2024-10-29 01:10:14,518 [INFO] PluginManager:220 - loadIPPluginJar : add ddr_ctrl_phy
2024-10-29 01:10:14,559 [INFO] IPUIPlugin:80 - create IPUIPlugin
2024-10-29 01:10:14,559 [INFO] PluginManager:220 - loadIPPluginJar : add dfsdm
2024-10-29 01:10:14,576 [INFO] IPUIPlugin:80 - create IPUIPlugin
2024-10-29 01:10:14,577 [INFO] PluginManager:220 - loadIPPluginJar : add dma
2024-10-29 01:10:14,632 [INFO] IPUIPlugin:80 - create IPUIPlugin
2024-10-29 01:10:14,632 [INFO] PluginManager:220 - loadIPPluginJar : add dma3
2024-10-29 01:10:14,678 [INFO] IPUIPlugin:80 - create IPUIPlugin
2024-10-29 01:10:14,679 [INFO] PluginManager:220 - loadIPPluginJar : add extmemmanager
2024-10-29 01:10:14,701 [INFO] IPUIPlugin:80 - create IPUIPlugin
2024-10-29 01:10:14,701 [INFO] PluginManager:220 - loadIPPluginJar : add fatfs
2024-10-29 01:10:14,746 [INFO] IPUIPlugin:80 - create IPUIPlugin
2024-10-29 01:10:14,746 [INFO] PluginManager:220 - loadIPPluginJar : add fmc
2024-10-29 01:10:14,764 [INFO] IPUIPlugin:80 - create IPUIPlugin
2024-10-29 01:10:14,764 [INFO] PluginManager:220 - loadIPPluginJar : add freertos
2024-10-29 01:10:14,782 [INFO] IPUIPlugin:80 - create IPUIPlugin
2024-10-29 01:10:14,783 [INFO] PluginManager:220 - loadIPPluginJar : add genericplugin
2024-10-29 01:10:14,861 [INFO] IPUIPlugin:80 - create IPUIPlugin
2024-10-29 01:10:14,861 [INFO] PluginManager:220 - loadIPPluginJar : add gfxmmu
2024-10-29 01:10:14,975 [INFO] IPUIPlugin:80 - create IPUIPlugin
2024-10-29 01:10:14,975 [INFO] PluginManager:220 - loadIPPluginJar : add gic
2024-10-29 01:10:14,990 [INFO] IPUIPlugin:80 - create IPUIPlugin
2024-10-29 01:10:14,990 [INFO] PluginManager:220 - loadIPPluginJar : add gpio
2024-10-29 01:10:15,072 [INFO] IPUIPlugin:80 - create IPUIPlugin
2024-10-29 01:10:15,072 [INFO] PluginManager:220 - loadIPPluginJar : add gtzc
2024-10-29 01:10:15,101 [INFO] IPUIPlugin:80 - create IPUIPlugin
2024-10-29 01:10:15,101 [INFO] PluginManager:220 - loadIPPluginJar : add hash
2024-10-29 01:10:15,146 [INFO] IPUIPlugin:80 - create IPUIPlugin
2024-10-29 01:10:15,146 [INFO] PluginManager:220 - loadIPPluginJar : add i2c
2024-10-29 01:10:15,178 [INFO] IPUIPlugin:80 - create IPUIPlugin
2024-10-29 01:10:15,179 [INFO] PluginManager:220 - loadIPPluginJar : add i2s
2024-10-29 01:10:15,214 [INFO] IPUIPlugin:80 - create IPUIPlugin
2024-10-29 01:10:15,214 [INFO] PluginManager:220 - loadIPPluginJar : add i3c
2024-10-29 01:10:15,314 [INFO] IPUIPlugin:80 - create IPUIPlugin
2024-10-29 01:10:15,314 [INFO] PluginManager:220 - loadIPPluginJar : add ipddr
2024-10-29 01:10:15,401 [INFO] IPUIPlugin:80 - create IPUIPlugin
2024-10-29 01:10:15,402 [INFO] PluginManager:220 - loadIPPluginJar : add linkedlist
2024-10-29 01:10:15,437 [INFO] IPUIPlugin:80 - create IPUIPlugin
2024-10-29 01:10:15,437 [INFO] PluginManager:220 - loadIPPluginJar : add lorawan
2024-10-29 01:10:15,474 [INFO] IPUIPlugin:80 - create IPUIPlugin
2024-10-29 01:10:15,474 [INFO] PluginManager:220 - loadIPPluginJar : add ltdc
2024-10-29 01:10:15,489 [INFO] IPUIPlugin:80 - create IPUIPlugin
2024-10-29 01:10:15,490 [INFO] PluginManager:220 - loadIPPluginJar : add mdma
2024-10-29 01:10:15,505 [INFO] IPUIPlugin:80 - create IPUIPlugin
2024-10-29 01:10:15,505 [INFO] PluginManager:220 - loadIPPluginJar : add nvic
2024-10-29 01:10:15,546 [INFO] IPUIPlugin:80 - create IPUIPlugin
2024-10-29 01:10:15,546 [INFO] PluginManager:220 - loadIPPluginJar : add opamp
2024-10-29 01:10:15,601 [INFO] IPUIPlugin:80 - create IPUIPlugin
2024-10-29 01:10:15,602 [INFO] PluginManager:220 - loadIPPluginJar : add openamp
2024-10-29 01:10:15,644 [INFO] IPUIPlugin:80 - create IPUIPlugin
2024-10-29 01:10:15,644 [INFO] PluginManager:220 - loadIPPluginJar : add pdm2pcm
2024-10-29 01:10:15,658 [INFO] IPUIPlugin:80 - create IPUIPlugin
2024-10-29 01:10:15,662 [INFO] PluginManager:220 - loadIPPluginJar : add plateformsettings
2024-10-29 01:10:15,684 [INFO] IPUIPlugin:80 - create IPUIPlugin
2024-10-29 01:10:15,685 [INFO] PluginManager:220 - loadIPPluginJar : add quadspi
2024-10-29 01:10:15,708 [INFO] IPUIPlugin:80 - create IPUIPlugin
2024-10-29 01:10:15,710 [INFO] PluginManager:220 - loadIPPluginJar : add radio
2024-10-29 01:10:15,723 [INFO] IPUIPlugin:80 - create IPUIPlugin
2024-10-29 01:10:15,723 [INFO] PluginManager:220 - loadIPPluginJar : add resmgrutility
2024-10-29 01:10:15,770 [INFO] IPUIPlugin:80 - create IPUIPlugin
2024-10-29 01:10:15,770 [INFO] PluginManager:220 - loadIPPluginJar : add sai
2024-10-29 01:10:15,804 [INFO] IPUIPlugin:80 - create IPUIPlugin
2024-10-29 01:10:15,804 [INFO] PluginManager:220 - loadIPPluginJar : add spi
2024-10-29 01:10:15,878 [INFO] IPUIPlugin:80 - create IPUIPlugin
2024-10-29 01:10:15,878 [INFO] PluginManager:220 - loadIPPluginJar : add stm32_wpan
2024-10-29 01:10:15,901 [INFO] IPUIPlugin:80 - create IPUIPlugin
2024-10-29 01:10:15,901 [INFO] PluginManager:220 - loadIPPluginJar : add tim
2024-10-29 01:10:15,961 [INFO] IPUIPlugin:80 - create IPUIPlugin
2024-10-29 01:10:15,961 [INFO] PluginManager:220 - loadIPPluginJar : add touchsensing
2024-10-29 01:10:15,987 [INFO] IPUIPlugin:80 - create IPUIPlugin
2024-10-29 01:10:15,987 [INFO] PluginManager:220 - loadIPPluginJar : add tracer_emb
2024-10-29 01:10:16,012 [INFO] IPUIPlugin:80 - create IPUIPlugin
2024-10-29 01:10:16,013 [INFO] PluginManager:220 - loadIPPluginJar : add ts
2024-10-29 01:10:16,039 [INFO] IPUIPlugin:80 - create IPUIPlugin
2024-10-29 01:10:16,039 [INFO] PluginManager:220 - loadIPPluginJar : add tsc
2024-10-29 01:10:16,063 [INFO] IPUIPlugin:80 - create IPUIPlugin
2024-10-29 01:10:16,064 [INFO] PluginManager:220 - loadIPPluginJar : add ucpd
2024-10-29 01:10:16,115 [INFO] IPUIPlugin:80 - create IPUIPlugin
2024-10-29 01:10:16,115 [INFO] PluginManager:220 - loadIPPluginJar : add usart
2024-10-29 01:10:16,162 [INFO] IPUIPlugin:80 - create IPUIPlugin
2024-10-29 01:10:16,162 [INFO] PluginManager:220 - loadIPPluginJar : add usbx
2024-10-29 01:10:16,295 [INFO] CADModel:165 - CPN selected for project level
2024-10-29 01:10:16,295 [INFO] CADModel:114 - Register for checkConnection events
2024-10-29 01:10:16,295 [FATAL] Updater:334 - Updater called before beeing initialized
2024-10-29 01:10:16,295 [ERROR] CADModel:125 - Updater not yet initialized, retry later 
2024-10-29 01:10:16,451 [INFO] CADModel:165 - CPN selected for project level
2024-10-29 01:10:16,451 [INFO] CADModel:114 - Register for checkConnection events
2024-10-29 01:10:16,451 [FATAL] Updater:334 - Updater called before beeing initialized
2024-10-29 01:10:16,451 [ERROR] CADModel:125 - Updater not yet initialized, retry later 
2024-10-29 01:10:16,454 [FATAL] Updater:334 - Updater called before beeing initialized
2024-10-29 01:10:16,552 [FATAL] Updater:334 - Updater called before beeing initialized
2024-10-29 01:10:16,558 [INFO] DbMcusAds:53 - JSON generation date=Fri Sep 20 06:04:38 PDT 2024 (1726837478367)
2024-10-29 01:10:16,559 [FATAL] Updater:334 - Updater called before beeing initialized
2024-10-29 01:10:16,600 [WARN] DetailPanel:346 - Failed to get advertising image, set to default
2024-10-29 01:10:16,653 [INFO] ThirdPartyUpdaterWithRetryManager:70 - Updater plugin not ready yet. [2/15]
2024-10-29 01:10:16,686 [FATAL] Updater:334 - Updater called before beeing initialized
2024-10-29 01:10:16,689 [FATAL] Updater:334 - Updater called before beeing initialized
2024-10-29 01:10:16,689 [FATAL] Updater:334 - Updater called before beeing initialized
2024-10-29 01:10:16,689 [WARN] DetailPanel:346 - Failed to get advertising image, set to default
2024-10-29 01:10:16,690 [FATAL] Updater:334 - Updater called before beeing initialized
2024-10-29 01:10:16,768 [ERROR] Updater:1164 - MainUpdater not yet initialized. External WinMGr cannot be set.
2024-10-29 01:10:16,777 [INFO] Updater:1100 - Updater Version found : 6.12.1
2024-10-29 01:10:16,799 [INFO] ApplicationProperties:184 - Using Application install path: C:\ST\STM32CubeIDE_1.16.1\STM32CubeIDE\plugins\com.st.stm32cube.common.mx_6.12.1.202409122256
2024-10-29 01:10:18,404 [ERROR] LogOutputStream:75 - [STDERR_REDIRECT] Oct 29, 2024 1:10:18 AM java.util.prefs.WindowsPreferences <init>
2024-10-29 01:10:18,405 [ERROR] LogOutputStream:75 - [STDERR_REDIRECT] WARNING: Could not open/create prefs root node Software\JavaSoft\Prefs at root 0xffffffff80000002. Windows RegCreateKeyEx(...) returned error code 5.
2024-10-29 01:10:18,405 [ERROR] LogOutputStream:75 - [STDERR_REDIRECT] 
2024-10-29 01:10:18,764 [INFO] MainUpdater:2873 - connection check result : 10
2024-10-29 01:10:18,765 [INFO] MainUpdater:3567 - Updater definition file requires update
2024-10-29 01:10:18,766 [INFO] MainUpdater:290 - Updater Check For Update Now.
2024-10-29 01:10:18,766 [INFO] MicroXplorer:498 - Change Database Version : DB.6.0.121
2024-10-29 01:10:18,782 [INFO] McuFinderGlobals:63 - Set McuFinder mode to 2 (CubeIDE integrated)
2024-10-29 01:10:18,788 [INFO] UserAuth:417 - Internet connection configuration mode: 1
2024-10-29 01:10:18,800 [INFO] ServerAccessManage:473 - Download File updaters.zip
2024-10-29 01:10:18,826 [INFO] JxBrowserEngine:152 - Initiate JxBrowser Engine with user profile folder
2024-10-29 01:10:18,915 [INFO] FileExtend:240 - Unzip File : updaters.zip
2024-10-29 01:10:18,915 [INFO] FileExtend:255 - Standard Zip Deflate
2024-10-29 01:10:19,478 [INFO] ServerAccessManage:473 - Download File PacksControlFlags.xml
2024-10-29 01:10:19,616 [INFO] ServerAccessManage:473 - Download File cubemx.pidx
2024-10-29 01:10:19,656 [WARN] MainUpdater:1194 - Updater busy. Cannot search thirdparties
2024-10-29 01:10:19,657 [INFO] ThirdPartyUpdaterWithRetryManager:96 - Updater plugin is busy. [1/15]
2024-10-29 01:10:19,742 [INFO] LoadServerUpdatesThread:375 - End of LoadServerUpdate Thread
2024-10-29 01:10:20,078 [INFO] CheckServerUpdateThread:120 - End of CheckServer Thread
2024-10-29 01:10:22,896 [WARN] PackLoader:240 - Cannot read IP mode file for STMicroelectronics.FP-SNS-MOTENVWB1.1.4.0
2024-10-29 01:10:22,916 [WARN] PackLoader:240 - Cannot read IP mode file for STMicroelectronics.X-CUBE-SMBUS.2.1.0
2024-10-29 01:10:22,936 [WARN] PackLoader:240 - Cannot read IP mode file for STMicroelectronics.X-CUBE-WB05N.1.1.0
2024-10-29 01:10:22,994 [WARN] PackLoader:240 - Cannot read IP mode file for STMicroelectronics.X-CUBE-AZRTOS-F7.1.1.0
2024-10-29 01:10:23,100 [WARN] PackLoader:240 - Cannot read IP mode file for STMicroelectronics.X-CUBE-MEMS1.11.0.0
2024-10-29 01:10:23,268 [WARN] PackLoader:240 - Cannot read IP mode file for STMicroelectronics.FP-SNS-FLIGHT1.5.0.2
2024-10-29 01:10:23,286 [WARN] PackLoader:240 - Cannot read IP mode file for STMicroelectronics.X-CUBE-DISPLAY.3.0.0
2024-10-29 01:10:23,324 [WARN] PackLoader:240 - Cannot read IP mode file for STMicroelectronics.X-CUBE-BLE1.7.0.0
2024-10-29 01:10:23,365 [WARN] PackLoader:240 - Cannot read IP mode file for STMicroelectronics.X-CUBE-NFC10.1.0.0
2024-10-29 01:10:23,393 [WARN] PackLoader:240 - Cannot read IP mode file for emotas.I-CUBE-CANOPEN.1.3.0
2024-10-29 01:10:23,416 [WARN] PackLoader:240 - Cannot read IP mode file for STMicroelectronics.X-CUBE-BLEMGR.3.1.0
2024-10-29 01:10:23,434 [WARN] PackLoader:240 - Cannot read IP mode file for STMicroelectronics.FP-SNS-SMARTAG2.1.2.0
2024-10-29 01:10:23,457 [INFO] LogOutputStream:77 - [STDOUT_REDIRECT] 1 : Invalid condition id : UX_CORESTACK_Condition cause : null
2024-10-29 01:10:23,458 [INFO] LogOutputStream:77 - [STDOUT_REDIRECT] 1 : Invalid condition id : UX_CORESTACK_Condition cause : null
2024-10-29 01:10:23,459 [INFO] LogOutputStream:77 - [STDOUT_REDIRECT] 1 : Invalid condition id : UX_CORESTACK_Condition cause : null
2024-10-29 01:10:23,462 [INFO] LogOutputStream:77 - [STDOUT_REDIRECT] 1 : Invalid condition id : UX_CORESTACK_Condition cause : null
2024-10-29 01:10:23,463 [INFO] LogOutputStream:77 - [STDOUT_REDIRECT] 1 : Invalid condition id : UX_CORESTACK_Condition cause : null
2024-10-29 01:10:23,467 [WARN] PackLoader:240 - Cannot read IP mode file for STMicroelectronics.X-CUBE-AZRTOS-WL.2.0.0
2024-10-29 01:10:23,486 [WARN] PackLoader:240 - Cannot read IP mode file for STMicroelectronics.FP-SNS-MOTENV1.5.0.0
2024-10-29 01:10:23,503 [WARN] PackLoader:240 - Cannot read IP mode file for wolfSSL.I-CUBE-wolfMQTT.1.19.0
2024-10-29 01:10:23,520 [WARN] PackLoader:240 - Cannot read IP mode file for WES.I-CUBE-Cesium.1.3.0
2024-10-29 01:10:23,536 [WARN] PackLoader:240 - Cannot read IP mode file for STMicroelectronics.X-CUBE-BLE2.3.3.0
2024-10-29 01:10:23,555 [WARN] PackLoader:240 - Cannot read IP mode file for STMicroelectronics.X-CUBE-NFC9.1.0.0
2024-10-29 01:10:23,571 [WARN] PackLoader:240 - Cannot read IP mode file for STMicroelectronics.X-CUBE-TCPP.4.1.0
2024-10-29 01:10:23,613 [WARN] PackLoader:240 - Cannot read IP mode file for STMicroelectronics.X-CUBE-AZRTOS-G0.1.1.0
2024-10-29 01:10:23,640 [WARN] PackLoader:240 - Cannot read IP mode file for STMicroelectronics.X-CUBE-SAFEA1.1.2.2
2024-10-29 01:10:23,659 [WARN] PackLoader:240 - Cannot read IP mode file for STMicroelectronics.X-CUBE-NFC4.3.0.0
2024-10-29 01:10:23,679 [WARN] PackLoader:240 - Cannot read IP mode file for EmbeddedOffice.I-CUBE-FS-RTOS.1.0.1
2024-10-29 01:10:23,679 [ERROR] ConditionMgr:805 - Attr not supported : Dmpu
2024-10-29 01:10:23,679 [ERROR] ConditionMgr:805 - Attr not supported : Dmpu
2024-10-29 01:10:23,679 [ERROR] ConditionMgr:805 - Attr not supported : Dmpu
2024-10-29 01:10:23,679 [ERROR] ConditionMgr:805 - Attr not supported : Dmpu
2024-10-29 01:10:23,679 [ERROR] ConditionMgr:805 - Attr not supported : Dmpu
2024-10-29 01:10:23,679 [ERROR] ConditionMgr:805 - Attr not supported : Dmpu
2024-10-29 01:10:23,679 [ERROR] ConditionMgr:805 - Attr not supported : Dmpu
2024-10-29 01:10:23,679 [ERROR] ConditionMgr:805 - Attr not supported : Dmpu
2024-10-29 01:10:23,679 [ERROR] ConditionMgr:805 - Attr not supported : Dmpu
2024-10-29 01:10:23,679 [ERROR] ConditionMgr:805 - Attr not supported : Dmpu
2024-10-29 01:10:23,680 [ERROR] ConditionMgr:805 - Attr not supported : Dmpu
2024-10-29 01:10:23,681 [ERROR] ConditionMgr:805 - Attr not supported : Dmpu
2024-10-29 01:10:23,681 [ERROR] ConditionMgr:805 - Attr not supported : Dmpu
2024-10-29 01:10:23,681 [ERROR] ConditionMgr:805 - Attr not supported : Dmpu
2024-10-29 01:10:23,681 [ERROR] ConditionMgr:805 - Attr not supported : Dmpu
2024-10-29 01:10:23,681 [ERROR] ConditionMgr:805 - Attr not supported : Dmpu
2024-10-29 01:10:23,681 [ERROR] ConditionMgr:805 - Attr not supported : Dmpu
2024-10-29 01:10:23,681 [ERROR] ConditionMgr:805 - Attr not supported : Dmpu
2024-10-29 01:10:23,681 [ERROR] ConditionMgr:805 - Attr not supported : Dmpu
2024-10-29 01:10:23,681 [ERROR] ConditionMgr:805 - Attr not supported : Dmpu
2024-10-29 01:10:23,681 [ERROR] ConditionMgr:805 - Attr not supported : Dmpu
2024-10-29 01:10:23,681 [ERROR] ConditionMgr:805 - Attr not supported : Dmpu
2024-10-29 01:10:23,681 [ERROR] ConditionMgr:805 - Attr not supported : Dmpu
2024-10-29 01:10:23,681 [ERROR] ConditionMgr:805 - Attr not supported : Dmpu
2024-10-29 01:10:23,681 [ERROR] ConditionMgr:805 - Attr not supported : Dmpu
2024-10-29 01:10:23,682 [ERROR] ConditionMgr:805 - Attr not supported : Dmpu
2024-10-29 01:10:23,682 [ERROR] ConditionMgr:805 - Attr not supported : Dmpu
2024-10-29 01:10:23,682 [ERROR] ConditionMgr:805 - Attr not supported : Dmpu
2024-10-29 01:10:23,682 [ERROR] ConditionMgr:805 - Attr not supported : Dmpu
2024-10-29 01:10:23,683 [ERROR] ConditionMgr:805 - Attr not supported : Dmpu
2024-10-29 01:10:23,683 [ERROR] ConditionMgr:805 - Attr not supported : Dmpu
2024-10-29 01:10:23,683 [ERROR] ConditionMgr:805 - Attr not supported : Dmpu
2024-10-29 01:10:23,683 [ERROR] ConditionMgr:805 - Attr not supported : Dmpu
2024-10-29 01:10:23,683 [ERROR] ConditionMgr:805 - Attr not supported : Dmpu
2024-10-29 01:10:23,683 [ERROR] ConditionMgr:805 - Attr not supported : Dmpu
2024-10-29 01:10:23,683 [ERROR] ConditionMgr:805 - Attr not supported : Dmpu
2024-10-29 01:10:23,684 [ERROR] ConditionMgr:805 - Attr not supported : Dmpu
2024-10-29 01:10:23,684 [ERROR] ConditionMgr:805 - Attr not supported : Dmpu
2024-10-29 01:10:23,684 [ERROR] ConditionMgr:805 - Attr not supported : Dmpu
2024-10-29 01:10:23,684 [ERROR] ConditionMgr:805 - Attr not supported : Dmpu
2024-10-29 01:10:23,684 [ERROR] ConditionMgr:805 - Attr not supported : Dmpu
2024-10-29 01:10:23,685 [ERROR] ConditionMgr:805 - Attr not supported : Dmpu
2024-10-29 01:10:23,685 [ERROR] ConditionMgr:805 - Attr not supported : Dmpu
2024-10-29 01:10:23,685 [ERROR] ConditionMgr:805 - Attr not supported : Dmpu
2024-10-29 01:10:23,685 [ERROR] ConditionMgr:805 - Attr not supported : Dmpu
2024-10-29 01:10:23,685 [ERROR] ConditionMgr:805 - Attr not supported : Dmpu
2024-10-29 01:10:23,686 [ERROR] ConditionMgr:805 - Attr not supported : Dmpu
2024-10-29 01:10:23,686 [ERROR] ConditionMgr:805 - Attr not supported : Dmpu
2024-10-29 01:10:23,686 [ERROR] ConditionMgr:805 - Attr not supported : Dmpu
2024-10-29 01:10:23,686 [ERROR] ConditionMgr:805 - Attr not supported : Dmpu
2024-10-29 01:10:23,686 [ERROR] ConditionMgr:805 - Attr not supported : Dmpu
2024-10-29 01:10:23,686 [ERROR] ConditionMgr:805 - Attr not supported : Dmpu
2024-10-29 01:10:23,686 [ERROR] ConditionMgr:805 - Attr not supported : Dmpu
2024-10-29 01:10:23,686 [ERROR] ConditionMgr:805 - Attr not supported : Dmpu
2024-10-29 01:10:23,686 [ERROR] ConditionMgr:805 - Attr not supported : Dmpu
2024-10-29 01:10:23,686 [ERROR] ConditionMgr:805 - Attr not supported : Dmpu
2024-10-29 01:10:23,686 [ERROR] ConditionMgr:805 - Attr not supported : Dmpu
2024-10-29 01:10:23,686 [ERROR] ConditionMgr:805 - Attr not supported : Dmpu
2024-10-29 01:10:23,686 [ERROR] ConditionMgr:805 - Attr not supported : Dmpu
2024-10-29 01:10:23,687 [ERROR] ConditionMgr:805 - Attr not supported : Dmpu
2024-10-29 01:10:23,688 [ERROR] ConditionMgr:805 - Attr not supported : Dmpu
2024-10-29 01:10:23,688 [ERROR] ConditionMgr:805 - Attr not supported : Dmpu
2024-10-29 01:10:23,688 [ERROR] ConditionMgr:805 - Attr not supported : Dmpu
2024-10-29 01:10:23,688 [ERROR] ConditionMgr:805 - Attr not supported : Dmpu
2024-10-29 01:10:23,704 [WARN] PackLoader:240 - Cannot read IP mode file for RealThread.X-CUBE-RT-Thread_Nano.4.1.1
2024-10-29 01:10:23,718 [WARN] PackLoader:240 - Cannot read IP mode file for STMicroelectronics.FP-ATR-SIGFOX1.3.2.0
2024-10-29 01:10:23,753 [WARN] PackLoader:240 - Cannot read IP mode file for wolfSSL.I-CUBE-wolfSSL.5.7.2
2024-10-29 01:10:23,803 [WARN] PackLoader:240 - Cannot read IP mode file for STMicroelectronics.X-CUBE-EEPRMA1.5.1.0
2024-10-29 01:10:23,903 [WARN] PackLoader:240 - Cannot read IP mode file for ITTIA_DB.I-CUBE-ITTIADB.8.9.0
2024-10-29 01:10:24,087 [WARN] PackLoader:240 - Cannot read IP mode file for SEGGER.I-CUBE-embOS.1.3.1
2024-10-29 01:10:24,213 [WARN] PackLoader:240 - Cannot read IP mode file for STMicroelectronics.X-CUBE-ALGOBUILD.1.4.0
2024-10-29 01:10:24,235 [WARN] PackLoader:240 - Cannot read IP mode file for STMicroelectronics.X-CUBE-AI.9.1.0
2024-10-29 01:10:24,291 [WARN] PackLoader:240 - Cannot read IP mode file for STMicroelectronics.X-CUBE-AZRTOS-F4.1.1.0
2024-10-29 01:10:24,663 [WARN] PackLoader:240 - Cannot read IP mode file for STMicroelectronics.X-CUBE-ISPU.2.1.0
2024-10-29 01:10:24,727 [WARN] PackLoader:240 - Cannot read IP mode file for STMicroelectronics.X-CUBE-FREERTOS.1.2.0
2024-10-29 01:10:24,770 [WARN] PackLoader:240 - Cannot read IP mode file for STMicroelectronics.X-CUBE-AZRTOS-L5.2.0.0
2024-10-29 01:10:24,798 [WARN] PackLoader:240 - Cannot read IP mode file for STMicroelectronics.X-CUBE-NFC6.3.1.0
2024-10-29 01:10:24,831 [WARN] PackLoader:240 - Cannot read IP mode file for STMicroelectronics.X-CUBE-DPower.1.2.0
2024-10-29 01:10:24,946 [WARN] PackLoader:240 - Cannot read IP mode file for STMicroelectronics.X-CUBE-NFC7.1.0.1
2024-10-29 01:10:25,191 [WARN] ConditionMgr:438 - getConditionDescription Invalid condition id : LAN8742 Phy interface Condition cause : null
2024-10-29 01:10:25,192 [WARN] PackLoader:240 - Cannot read IP mode file for STMicroelectronics.X-CUBE-AZRTOS-L4.2.0.0
2024-10-29 01:10:25,193 [WARN] ConditionMgr:1039 - genDependencies : Invalid condition id : LAN8742 Phy interface Condition cause : null
2024-10-29 01:10:25,193 [WARN] ConditionMgr:1039 - genDependencies : Invalid condition id : LAN8742 Phy interface Condition cause : null
2024-10-29 01:10:25,194 [WARN] ConditionMgr:1039 - genDependencies : Invalid condition id : LAN8742 Phy interface Condition cause : null
2024-10-29 01:10:25,211 [WARN] PackLoader:240 - Cannot read IP mode file for STMicroelectronics.X-CUBE-SFXS2LP1.4.0.0
2024-10-29 01:10:25,237 [WARN] PackLoader:240 - Cannot read IP mode file for STMicroelectronics.X-CUBE-AZRTOS-H7.3.3.0
2024-10-29 01:10:25,333 [WARN] PackLoader:240 - Cannot read IP mode file for STMicroelectronics.X-CUBE-IPS.3.0.0
2024-10-29 01:10:25,418 [WARN] ConditionMgr:438 - getConditionDescription Invalid condition id : UX DEVICE CLASS RTOS Condition cause : null
2024-10-29 01:10:25,418 [WARN] ConditionMgr:438 - getConditionDescription Invalid condition id : UX DEVICE CLASS RTOS Condition cause : null
2024-10-29 01:10:25,420 [WARN] PackLoader:240 - Cannot read IP mode file for STMicroelectronics.X-CUBE-AZRTOS-WB.2.0.0
2024-10-29 01:10:25,421 [WARN] ConditionMgr:1039 - genDependencies : Invalid condition id : UX DEVICE CLASS RTOS Condition cause : null
2024-10-29 01:10:25,421 [WARN] ConditionMgr:1039 - genDependencies : Invalid condition id : UX DEVICE CLASS RTOS Condition cause : null
2024-10-29 01:10:25,421 [WARN] ConditionMgr:1039 - genDependencies : Invalid condition id : UX DEVICE CLASS RTOS Condition cause : null
2024-10-29 01:10:25,421 [WARN] ConditionMgr:1039 - genDependencies : Invalid condition id : UX DEVICE CLASS RTOS Condition cause : null
2024-10-29 01:10:25,421 [WARN] ConditionMgr:1039 - genDependencies : Invalid condition id : UX DEVICE CLASS RTOS Condition cause : null
2024-10-29 01:10:25,439 [WARN] PackLoader:240 - Cannot read IP mode file for STMicroelectronics.X-CUBE-GNSS1.7.0.0
2024-10-29 01:10:25,533 [WARN] PackLoader:240 - Cannot read IP mode file for STMicroelectronics.FP-SNS-STBOX1.2.0.0
2024-10-29 01:10:25,585 [ERROR] JxBrowserEngine:70 - Can't initiate JxBrowser engine java.lang.IllegalStateException: Module has been uninstalled. osgi.identity; type="osgi.bundle"; version:Version="6.12.1.202409122256"; osgi.identity="com.st.stm32cube.common.mx"; singleton:="true" [id=13]
2024-10-29 01:10:25,588 [WARN] PackLoader:240 - Cannot read IP mode file for STMicroelectronics.X-CUBE-SUBG2.5.0.0
2024-10-29 01:10:25,607 [INFO] UserAuth:417 - Internet connection configuration mode: 1
2024-10-29 01:10:25,611 [WARN] PackLoader:240 - Cannot read IP mode file for Cesanta.I-CUBE-Mongoose.7.13.0
2024-10-29 01:10:25,636 [WARN] PackLoader:240 - Cannot read IP mode file for STMicroelectronics.X-CUBE-AZRTOS-G4.2.0.0
2024-10-29 01:10:25,651 [WARN] PackLoader:240 - Cannot read IP mode file for STMicroelectronics.X-CUBE-ALS.1.0.2
2024-10-29 01:10:25,656 [ERROR] LogOutputStream:75 - [STDERR_REDIRECT] 
2024-10-29 01:10:25,657 [ERROR] LogOutputStream:75 - [STDERR_REDIRECT] 
